nohup: ignoring input
INFO:     Will watch for changes in these directories: ['/home/luiz/mecanice_py']
INFO:     Uvicorn running on http://0.0.0.0:8000 (Press CTRL+C to quit)
INFO:     Started reloader process [14492] using WatchFiles
INFO:     Started server process [14522]
INFO:     Waiting for application startup.
INFO:     Application startup complete.
INFO:     127.0.0.1:37524 - "GET /health HTTP/1.1" 200 OK
INFO:     127.0.0.1:34932 - "POST /mechanics HTTP/1.1" 404 Not Found
INFO:     127.0.0.1:48132 - "POST /mechanics/mechanics HTTP/1.1" 500 Internal Server Error
ERROR:    Exception in ASGI application
Traceback (most recent call last):
  File "/home/luiz/mecanice_py/.venv/lib/python3.12/site-packages/uvicorn/protocols/http/httptools_impl.py", line 409, in run_asgi
    result = await app(  # type: ignore[func-returns-value]
             ^^^^^^^^^^^^^^^^^^^^^^^^^^^^^^^^^^^^^^^^^^^^^^
  File "/home/luiz/mecanice_py/.venv/lib/python3.12/site-packages/uvicorn/middleware/proxy_headers.py", line 60, in __call__
    return await self.app(scope, receive, send)
           ^^^^^^^^^^^^^^^^^^^^^^^^^^^^^^^^^^^^
  File "/home/luiz/mecanice_py/.venv/lib/python3.12/site-packages/fastapi/applications.py", line 1054, in __call__
    await super().__call__(scope, receive, send)
  File "/home/luiz/mecanice_py/.venv/lib/python3.12/site-packages/starlette/applications.py", line 113, in __call__
    await self.middleware_stack(scope, receive, send)
  File "/home/luiz/mecanice_py/.venv/lib/python3.12/site-packages/starlette/middleware/errors.py", line 187, in __call__
    raise exc
  File "/home/luiz/mecanice_py/.venv/lib/python3.12/site-packages/starlette/middleware/errors.py", line 165, in __call__
    await self.app(scope, receive, _send)
  File "/home/luiz/mecanice_py/.venv/lib/python3.12/site-packages/starlette/middleware/exceptions.py", line 62, in __call__
    await wrap_app_handling_exceptions(self.app, conn)(scope, receive, send)
  File "/home/luiz/mecanice_py/.venv/lib/python3.12/site-packages/starlette/_exception_handler.py", line 53, in wrapped_app
    raise exc
  File "/home/luiz/mecanice_py/.venv/lib/python3.12/site-packages/starlette/_exception_handler.py", line 42, in wrapped_app
    await app(scope, receive, sender)
  File "/home/luiz/mecanice_py/.venv/lib/python3.12/site-packages/starlette/routing.py", line 715, in __call__
    await self.middleware_stack(scope, receive, send)
  File "/home/luiz/mecanice_py/.venv/lib/python3.12/site-packages/starlette/routing.py", line 735, in app
    await route.handle(scope, receive, send)
  File "/home/luiz/mecanice_py/.venv/lib/python3.12/site-packages/starlette/routing.py", line 288, in handle
    await self.app(scope, receive, send)
  File "/home/luiz/mecanice_py/.venv/lib/python3.12/site-packages/starlette/routing.py", line 76, in app
    await wrap_app_handling_exceptions(app, request)(scope, receive, send)
  File "/home/luiz/mecanice_py/.venv/lib/python3.12/site-packages/starlette/_exception_handler.py", line 53, in wrapped_app
    raise exc
  File "/home/luiz/mecanice_py/.venv/lib/python3.12/site-packages/starlette/_exception_handler.py", line 42, in wrapped_app
    await app(scope, receive, sender)
  File "/home/luiz/mecanice_py/.venv/lib/python3.12/site-packages/starlette/routing.py", line 73, in app
    response = await f(request)
               ^^^^^^^^^^^^^^^^
  File "/home/luiz/mecanice_py/.venv/lib/python3.12/site-packages/fastapi/routing.py", line 327, in app
    content = await serialize_response(
              ^^^^^^^^^^^^^^^^^^^^^^^^^
  File "/home/luiz/mecanice_py/.venv/lib/python3.12/site-packages/fastapi/routing.py", line 176, in serialize_response
    raise ResponseValidationError(
fastapi.exceptions.ResponseValidationError: 2 validation errors:
  {'type': 'string_type', 'loc': ('response', 'created_at'), 'msg': 'Input should be a valid string', 'input': datetime.datetime(2026, 1, 28, 23, 36, 51, 900288, tzinfo=zoneinfo.ZoneInfo(key='Etc/UTC'))}
  {'type': 'string_type', 'loc': ('response', 'updated_at'), 'msg': 'Input should be a valid string', 'input': datetime.datetime(2026, 1, 28, 23, 36, 51, 900288, tzinfo=zoneinfo.ZoneInfo(key='Etc/UTC'))}

WARNING:  WatchFiles detected changes in 'app/mechanics_repo.py'. Reloading...
INFO:     Shutting down
INFO:     Waiting for application shutdown.
INFO:     Application shutdown complete.
INFO:     Finished server process [14522]
INFO:     Started server process [16192]
INFO:     Waiting for application startup.
INFO:     Application startup complete.
INFO:     127.0.0.1:44080 - "POST /mechanics/mechanics HTTP/1.1" 409 Conflict
INFO:     127.0.0.1:45166 - "POST /mechanics/mechanics HTTP/1.1" 200 OK
INFO:     127.0.0.1:33382 - "GET /mechanics/mechanics HTTP/1.1" 200 OK
INFO:     127.0.0.1:34960 - "GET /mechanics/mechanics HTTP/1.1" 200 OK
INFO:     127.0.0.1:53538 - "GET /mechanics/mechanics HTTP/1.1" 200 OK
INFO:     127.0.0.1:53550 - "GET /mechanics/mechanics HTTP/1.1" 200 OK
WARNING:  WatchFiles detected changes in 'app/mechanics_repo.py'. Reloading...
INFO:     Shutting down
INFO:     Waiting for application shutdown.
INFO:     Application shutdown complete.
INFO:     Finished server process [16192]
INFO:     Started server process [17228]
INFO:     Waiting for application startup.
INFO:     Application startup complete.
